############################################### 
n_negative=4  
batch_size=64 
embed_dim=32 
############################################### 
Iter 1...	Training loss: 358.267639  in 3.68s 
Top-1 Recall: 0.020148 Precision: 0.020148 NDCG: 0.020148 HR:0.020148
Top-5 Recall: 0.059385 Precision: 0.011877 NDCG: 0.039451 HR:0.059385
Top-10 Recall: 0.133616 Precision: 0.013362 NDCG: 0.063030 HR:0.133616
Eval costs: 1.045479 s
Iter 2...	Training loss: 334.765198  in 4.54s 
Top-1 Recall: 0.020148 Precision: 0.020148 NDCG: 0.020148 HR:0.020148
Top-5 Recall: 0.065748 Precision: 0.013150 NDCG: 0.042328 HR:0.065748
Top-10 Recall: 0.128314 Precision: 0.012831 NDCG: 0.062331 HR:0.128314
Eval costs: 1.021341 s
Iter 3...	Training loss: 399.208191  in 3.92s 
Top-1 Recall: 0.020148 Precision: 0.020148 NDCG: 0.020148 HR:0.020148
Top-5 Recall: 0.079533 Precision: 0.015907 NDCG: 0.049308 HR:0.079533
Top-10 Recall: 0.133616 Precision: 0.013362 NDCG: 0.066426 HR:0.133616
Eval costs: 1.002277 s
Iter 4...	Training loss: 424.461090  in 3.43s 
Top-1 Recall: 0.021209 Precision: 0.021209 NDCG: 0.021209 HR:0.021209
Top-5 Recall: 0.095440 Precision: 0.019088 NDCG: 0.057657 HR:0.095440
Top-10 Recall: 0.150583 Precision: 0.015058 NDCG: 0.075097 HR:0.150583
Eval costs: 0.988521 s
Iter 5...	Training loss: 372.598816  in 3.28s 
Top-1 Recall: 0.025451 Precision: 0.025451 NDCG: 0.025451 HR:0.025451
Top-5 Recall: 0.095440 Precision: 0.019088 NDCG: 0.060470 HR:0.095440
Top-10 Recall: 0.151644 Precision: 0.015164 NDCG: 0.078862 HR:0.151644
Eval costs: 0.987594 s
Iter 6...	Training loss: 410.170685  in 3.64s 
Top-1 Recall: 0.031813 Precision: 0.031813 NDCG: 0.031813 HR:0.031813
Top-5 Recall: 0.114528 Precision: 0.022906 NDCG: 0.073028 HR:0.114528
Top-10 Recall: 0.168611 Precision: 0.016861 NDCG: 0.090407 HR:0.168611
Eval costs: 1.006585 s
Iter 7...	Training loss: 379.728943  in 4.15s 
Top-1 Recall: 0.045599 Precision: 0.045599 NDCG: 0.045599 HR:0.045599
Top-5 Recall: 0.126193 Precision: 0.025239 NDCG: 0.086511 HR:0.126193
Top-10 Recall: 0.177094 Precision: 0.017709 NDCG: 0.102981 HR:0.177094
Eval costs: 1.027732 s
Iter 8...	Training loss: 394.112610  in 3.80s 
Top-1 Recall: 0.046660 Precision: 0.046660 NDCG: 0.046660 HR:0.046660
Top-5 Recall: 0.134677 Precision: 0.026935 NDCG: 0.092606 HR:0.134677
Top-10 Recall: 0.195122 Precision: 0.019512 NDCG: 0.111790 HR:0.195122
Eval costs: 1.550270 s
Iter 9...	Training loss: 257.765472  in 3.64s 
Top-1 Recall: 0.048780 Precision: 0.048780 NDCG: 0.048780 HR:0.048780
Top-5 Recall: 0.144221 Precision: 0.028844 NDCG: 0.099383 HR:0.144221
Top-10 Recall: 0.212089 Precision: 0.021209 NDCG: 0.121291 HR:0.212089
Eval costs: 1.001565 s
Iter 10...	Training loss: 382.301697  in 3.99s 
Top-1 Recall: 0.053022 Precision: 0.053022 NDCG: 0.053022 HR:0.053022
Top-5 Recall: 0.142100 Precision: 0.028420 NDCG: 0.098742 HR:0.142100
Top-10 Recall: 0.216331 Precision: 0.021633 NDCG: 0.123127 HR:0.216331
Eval costs: 0.995087 s
Iter 11...	Training loss: 308.487823  in 3.30s 
Top-1 Recall: 0.053022 Precision: 0.053022 NDCG: 0.053022 HR:0.053022
Top-5 Recall: 0.147402 Precision: 0.029480 NDCG: 0.100099 HR:0.147402
Top-10 Recall: 0.222694 Precision: 0.022269 NDCG: 0.124583 HR:0.222694
Eval costs: 0.994463 s
Iter 12...	Training loss: 274.247559  in 3.53s 
Top-1 Recall: 0.051962 Precision: 0.051962 NDCG: 0.051962 HR:0.051962
Top-5 Recall: 0.147402 Precision: 0.029480 NDCG: 0.100764 HR:0.147402
Top-10 Recall: 0.225875 Precision: 0.022587 NDCG: 0.125762 HR:0.225875
Eval costs: 1.037595 s
Iter 13...	Training loss: 331.559998  in 3.81s 
Top-1 Recall: 0.049841 Precision: 0.049841 NDCG: 0.049841 HR:0.049841
Top-5 Recall: 0.147402 Precision: 0.029480 NDCG: 0.097762 HR:0.147402
Top-10 Recall: 0.217391 Precision: 0.021739 NDCG: 0.120438 HR:0.217391
Eval costs: 1.023677 s
Iter 14...	Training loss: 280.809174  in 3.32s 
Top-1 Recall: 0.053022 Precision: 0.053022 NDCG: 0.053022 HR:0.053022
Top-5 Recall: 0.144221 Precision: 0.028844 NDCG: 0.099231 HR:0.144221
Top-10 Recall: 0.221633 Precision: 0.022163 NDCG: 0.123922 HR:0.221633
Eval costs: 1.004823 s
Iter 15...	Training loss: 311.881165  in 3.87s 
Top-1 Recall: 0.047720 Precision: 0.047720 NDCG: 0.047720 HR:0.047720
Top-5 Recall: 0.144221 Precision: 0.028844 NDCG: 0.097031 HR:0.144221
Top-10 Recall: 0.221633 Precision: 0.022163 NDCG: 0.121726 HR:0.221633
Eval costs: 1.372697 s
Iter 16...	Training loss: 272.082520  in 3.63s 
Top-1 Recall: 0.055143 Precision: 0.055143 NDCG: 0.055143 HR:0.055143
Top-5 Recall: 0.148462 Precision: 0.029692 NDCG: 0.101480 HR:0.148462
Top-10 Recall: 0.221633 Precision: 0.022163 NDCG: 0.124912 HR:0.221633
Eval costs: 1.048601 s
Iter 17...	Training loss: 241.641083  in 3.27s 
Top-1 Recall: 0.049841 Precision: 0.049841 NDCG: 0.049841 HR:0.049841
Top-5 Recall: 0.151644 Precision: 0.030329 NDCG: 0.100921 HR:0.151644
Top-10 Recall: 0.224814 Precision: 0.022481 NDCG: 0.124358 HR:0.224814
Eval costs: 1.091617 s
Iter 18...	Training loss: 313.506805  in 5.21s 
Top-1 Recall: 0.049841 Precision: 0.049841 NDCG: 0.049841 HR:0.049841
Top-5 Recall: 0.153765 Precision: 0.030753 NDCG: 0.102155 HR:0.153765
Top-10 Recall: 0.220573 Precision: 0.022057 NDCG: 0.123629 HR:0.220573
Eval costs: 1.027349 s
Iter 19...	Training loss: 240.036606  in 3.46s 
Top-1 Recall: 0.053022 Precision: 0.053022 NDCG: 0.053022 HR:0.053022
Top-5 Recall: 0.156946 Precision: 0.031389 NDCG: 0.104468 HR:0.156946
Top-10 Recall: 0.224814 Precision: 0.022481 NDCG: 0.126420 HR:0.224814
Eval costs: 0.992640 s
Iter 20...	Training loss: 286.174377  in 3.75s 
Top-1 Recall: 0.053022 Precision: 0.053022 NDCG: 0.053022 HR:0.053022
Top-5 Recall: 0.144221 Precision: 0.028844 NDCG: 0.099958 HR:0.144221
Top-10 Recall: 0.220573 Precision: 0.022057 NDCG: 0.124399 HR:0.220573
Eval costs: 0.995611 s
Iter 21...	Training loss: 256.363647  in 3.49s 
Top-1 Recall: 0.048780 Precision: 0.048780 NDCG: 0.048780 HR:0.048780
Top-5 Recall: 0.148462 Precision: 0.029692 NDCG: 0.099130 HR:0.148462
Top-10 Recall: 0.233298 Precision: 0.023330 NDCG: 0.126347 HR:0.233298
Eval costs: 1.003071 s
Iter 22...	Training loss: 254.022034  in 4.53s 
Top-1 Recall: 0.057264 Precision: 0.057264 NDCG: 0.057264 HR:0.057264
Top-5 Recall: 0.152704 Precision: 0.030541 NDCG: 0.104403 HR:0.152704
Top-10 Recall: 0.224814 Precision: 0.022481 NDCG: 0.127281 HR:0.224814
Eval costs: 1.008681 s
Iter 23...	Training loss: 306.105835  in 3.60s 
Top-1 Recall: 0.060445 Precision: 0.060445 NDCG: 0.060445 HR:0.060445
Top-5 Recall: 0.150583 Precision: 0.030117 NDCG: 0.105614 HR:0.150583
Top-10 Recall: 0.232238 Precision: 0.023224 NDCG: 0.131943 HR:0.232238
Eval costs: 1.104936 s
Iter 24...	Training loss: 262.990295  in 3.55s 
Top-1 Recall: 0.059385 Precision: 0.059385 NDCG: 0.059385 HR:0.059385
Top-5 Recall: 0.161188 Precision: 0.032238 NDCG: 0.109752 HR:0.161188
Top-10 Recall: 0.235419 Precision: 0.023542 NDCG: 0.133501 HR:0.235419
Eval costs: 1.037759 s
Iter 25...	Training loss: 256.163116  in 3.94s 
Top-1 Recall: 0.058324 Precision: 0.058324 NDCG: 0.058324 HR:0.058324
Top-5 Recall: 0.166490 Precision: 0.033298 NDCG: 0.113103 HR:0.166490
Top-10 Recall: 0.229056 Precision: 0.022906 NDCG: 0.133131 HR:0.229056
Eval costs: 1.088895 s
Iter 26...	Training loss: 271.717529  in 3.67s 
Top-1 Recall: 0.054083 Precision: 0.054083 NDCG: 0.054083 HR:0.054083
Top-5 Recall: 0.165429 Precision: 0.033086 NDCG: 0.111275 HR:0.165429
Top-10 Recall: 0.236479 Precision: 0.023648 NDCG: 0.133959 HR:0.236479
Eval costs: 1.155069 s
Iter 27...	Training loss: 293.720398  in 3.77s 
Top-1 Recall: 0.056204 Precision: 0.056204 NDCG: 0.056204 HR:0.056204
Top-5 Recall: 0.159067 Precision: 0.031813 NDCG: 0.110310 HR:0.159067
Top-10 Recall: 0.233298 Precision: 0.023330 NDCG: 0.134527 HR:0.233298
Eval costs: 1.005510 s
Iter 28...	Training loss: 316.819916  in 3.60s 
Top-1 Recall: 0.061506 Precision: 0.061506 NDCG: 0.061506 HR:0.061506
Top-5 Recall: 0.161188 Precision: 0.032238 NDCG: 0.112124 HR:0.161188
Top-10 Recall: 0.233298 Precision: 0.023330 NDCG: 0.135173 HR:0.233298
Eval costs: 1.039635 s
Iter 29...	Training loss: 244.292114  in 3.71s 
Top-1 Recall: 0.065748 Precision: 0.065748 NDCG: 0.065748 HR:0.065748
Top-5 Recall: 0.166490 Precision: 0.033298 NDCG: 0.117164 HR:0.166490
Top-10 Recall: 0.234358 Precision: 0.023436 NDCG: 0.139012 HR:0.234358
Eval costs: 1.102838 s
Iter 30...	Training loss: 282.985168  in 3.59s 
Top-1 Recall: 0.068929 Precision: 0.068929 NDCG: 0.068929 HR:0.068929
Top-5 Recall: 0.164369 Precision: 0.032874 NDCG: 0.117373 HR:0.164369
Top-10 Recall: 0.241782 Precision: 0.024178 NDCG: 0.142341 HR:0.241782
Eval costs: 1.064044 s
Iter 31...	Training loss: 310.267029  in 3.56s 
Top-1 Recall: 0.062566 Precision: 0.062566 NDCG: 0.062566 HR:0.062566
Top-5 Recall: 0.169671 Precision: 0.033934 NDCG: 0.116455 HR:0.169671
Top-10 Recall: 0.242842 Precision: 0.024284 NDCG: 0.139757 HR:0.242842
Eval costs: 1.209757 s
############################################### 
n_negative=4  
batch_size=64 
