<<<<<<< HEAD
############################################### 
batch_size=64 
############################################### 
batch_size=64 
embed_dim=8 
############################################### 
############################################### 
batch_size=64 
embed_dim=8 
############################################### 
############################################### 
batch_size=64 
embed_dim=8 
############################################### 
############################################### 
batch_size=64 
embed_dim=8 
############################################### 
############################################### 
batch_size=64 
embed_dim=8 
############################################### 
############################################### 
batch_size=64 
embed_dim=8 
############################################### 
############################################### 
batch_size=64 
embed_dim=8 
############################################### 
############################################### 
batch_size=64 
embed_dim=8 
############################################### 
############################################### 
batch_size=64 
embed_dim=8 
############################################### 
Iter 1...	############################################### 
batch_size=64 
embed_dim=8 
############################################### 
Iter 1...	############################################### 
batch_size=64 
embed_dim=8 
############################################### 
Iter 1...	############################################### 
batch_size=64 
embed_dim=8 
############################################### 
Iter 1...	############################################### 
batch_size=64 
embed_dim=8 
############################################### 
Iter 1...	############################################### 
batch_size=64 
embed_dim=8 
############################################### 
Iter 1...	############################################### 
batch_size=64 
embed_dim=8 
############################################### 
Iter 1...	############################################### 
batch_size=64 
embed_dim=8 
############################################### 
Iter 1...	############################################### 
batch_size=64 
embed_dim=8 
############################################### 
Iter 1...	############################################### 
batch_size=64 
embed_dim=8 
############################################### 
Iter 1...	############################################### 
batch_size=64 
embed_dim=8 
############################################### 
Iter 1...	############################################### 
batch_size=64 
embed_dim=8 
############################################### 
Iter 1...	############################################### 
batch_size=64 
embed_dim=8 
############################################### 
Iter 1...	############################################### 
batch_size=64 
embed_dim=8 
############################################### 
Iter 1...	############################################### 
batch_size=64 
embed_dim=8 
############################################### 
Iter 1...	############################################### 
batch_size=64 
embed_dim=8 
############################################### 
Iter 1...	############################################### 
batch_size=64 
embed_dim=8 
############################################### 
Iter 1...	############################################### 
batch_size=64 
embed_dim=8 
############################################### 
Iter 1...	############################################### 
batch_size=64 
embed_dim=8 
############################################### 
Iter 1...	############################################### 
batch_size=64 
embed_dim=8 
############################################### 
Iter 1...	############################################### 
batch_size=64 
embed_dim=8 
############################################### 
Iter 1...	############################################### 
batch_size=64 
embed_dim=8 
############################################### 
Iter 1...	############################################### 
batch_size=64 
embed_dim=8 
############################################### 
Iter 1...	############################################### 
batch_size=64 
embed_dim=8 
############################################### 
Iter 1...	############################################### 
batch_size=64 
embed_dim=8 
############################################### 
Iter 1...	############################################### 
batch_size=64 
embed_dim=8 
############################################### 
Iter 1...	############################################### 
batch_size=64 
embed_dim=8 
############################################### 
Iter 1...	Training loss: 26998663.137409  in 1.00s 
############################################### 
batch_size=64 
embed_dim=8 
############################################### 
Iter 1...	############################################### 
batch_size=64 
embed_dim=8 
############################################### 
Iter 1...	############################################### 
batch_size=64 
embed_dim=8 
############################################### 
Iter 1...	############################################### 
batch_size=64 
embed_dim=8 
############################################### 
Iter 1...	Training loss: 26998663.137409  in 0.99s 
############################################### 
batch_size=64 
embed_dim=8 
############################################### 
Iter 1...	Training loss: 26998663.137409  in 0.91s 
############################################### 
batch_size=64 
embed_dim=8 
############################################### 
Iter 1...	Training loss: 26998663.137409  in 0.95s 
############################################### 
batch_size=64 
embed_dim=8 
############################################### 
Iter 1...	Training loss: 26998663.137409  in 0.91s 
############################################### 
batch_size=64 
embed_dim=8 
############################################### 
Iter 1...	Training loss: 26998663.137409  in 0.97s 
############################################### 
batch_size=64 
embed_dim=8 
############################################### 
Iter 1...	############################################### 
batch_size=64 
embed_dim=8 
############################################### 
Iter 1...	############################################### 
batch_size=64 
embed_dim=8 
############################################### 
Iter 1...	############################################### 
batch_size=64 
embed_dim=8 
############################################### 
Iter 1...	Training loss: 428452.649338  in 0.97s 
############################################### 
batch_size=64 
embed_dim=8 
############################################### 
Iter 1...	Training loss: 428452.649338  in 0.94s 
############################################### 
batch_size=64 
embed_dim=8 
############################################### 
Iter 1...	Training loss: 269333188.697876  in 2.07s 
############################################### 
batch_size=4 
embed_dim=8 
############################################### 
Iter 1...	Training loss: 13401480.783485  in 13.97s 
############################################### 
batch_size=4 
############################################### 
batch_size=4 
############################################### 
batch_size=4 
############################################### 
batch_size=4 
############################################### 
batch_size=4 
############################################### 
batch_size=4 
############################################### 
batch_size=4 
embed_dim=8 
############################################### 
Iter 1...	Training loss: 228935.623929  in 13.14s 
############################################### 
batch_size=4 
embed_dim=8 
############################################### 
Iter 1...	Training loss: 228935.623929  in 13.17s 
############################################### 
batch_size=4 
embed_dim=8 
############################################### 
Iter 1...	Training loss: 228935.623929  in 14.05s 
############################################### 
batch_size=4 
embed_dim=8 
############################################### 
Iter 1...	Training loss: 228935.623929  in 24.22s 
############################################### 
batch_size=4 
############################################### 
batch_size=4 
############################################### 
batch_size=4 
############################################### 
batch_size=4 
embed_dim=8 
############################################### 
Iter 1...	Training loss: 228935.623929  in 15.69s 
############################################### 
batch_size=4 
embed_dim=8 
############################################### 
Iter 1...	Training loss: 228935.623929  in 14.49s 
############################################### 
batch_size=4 
embed_dim=8 
############################################### 
Iter 1...	Training loss: 228935.623929  in 14.29s 
############################################### 
batch_size=4 
embed_dim=8 
############################################### 
Iter 1...	Training loss: 228935.623929  in 15.01s 
############################################### 
batch_size=4 
############################################### 
batch_size=4 
embed_dim=8 
############################################### 
Iter 1...	Training loss: 228935.623929  in 14.47s 
############################################### 
batch_size=4 
############################################### 
batch_size=4 
embed_dim=8 
############################################### 
Iter 1...	Training loss: 228935.623929  in 13.99s 
MAE: 1.474314 MSE: 3.445758 RMSE: 1.856275 
Eval costs: 0.847252 s
Iter 2...	Training loss: 46180.042431  in 14.57s 
############################################### 
batch_size=4 
embed_dim=8 
############################################### 
Iter 1...	Training loss: 228935.623929  in 13.38s 
MAE: 0.855086 MSE: 1.242940 RMSE: 1.114872 
Eval costs: 0.901397 s
Iter 2...	Training loss: 46180.042431  in 14.93s 
MAE: nan MSE: nan RMSE: nan 
Eval costs: 0.008026 s
Iter 3...	Training loss: 39293.542473  in 18.10s 
MAE: nan MSE: nan RMSE: nan 
Eval costs: 0.000000 s
Iter 4...	Training loss: 37954.555493  in 13.20s 
MAE: nan MSE: nan RMSE: nan 
Eval costs: 0.000000 s
Iter 5...	Training loss: 37367.237115  in 11.94s 
MAE: nan MSE: nan RMSE: nan 
Eval costs: 0.000000 s
Iter 6...	Training loss: 36800.169928  in 11.35s 
MAE: nan MSE: nan RMSE: nan 
Eval costs: 0.000000 s
Iter 7...	Training loss: 36347.218656  in 11.46s 
MAE: nan MSE: nan RMSE: nan 
Eval costs: 0.001002 s
Iter 8...	Training loss: 35634.227701  in 11.25s 
MAE: nan MSE: nan RMSE: nan 
Eval costs: 0.000000 s
Iter 9...	Training loss: 34865.173865  in 11.19s 
MAE: nan MSE: nan RMSE: nan 
Eval costs: 0.000000 s
Iter 10...	Training loss: 34000.692663  in 11.18s 
MAE: nan MSE: nan RMSE: nan 
Eval costs: 0.001002 s
Iter 11...	Training loss: 33131.543758  in 11.23s 
MAE: nan MSE: nan RMSE: nan 
Eval costs: 0.000000 s
############################################### 
batch_size=4 
embed_dim=8 
############################################### 
Iter 1...	Training loss: 228935.623929  in 11.47s 
MAE: 0.855086 MSE: 1.242940 RMSE: 1.114872 
Eval costs: 0.716907 s
Iter 2...	Training loss: 46180.042431  in 11.21s 
MAE: nan MSE: nan RMSE: nan 
Eval costs: 0.002005 s
Iter 3...	Training loss: 39293.542473  in 11.23s 
MAE: nan MSE: nan RMSE: nan 
Eval costs: 0.001002 s
Iter 4...	Training loss: 37954.555493  in 11.14s 
MAE: nan MSE: nan RMSE: nan 
Eval costs: 0.000000 s
Iter 5...	Training loss: 37367.237115  in 11.20s 
MAE: nan MSE: nan RMSE: nan 
Eval costs: 0.000000 s
Iter 6...	Training loss: 36800.169928  in 11.28s 
MAE: nan MSE: nan RMSE: nan 
Eval costs: 0.000000 s
############################################### 
batch_size=4 
embed_dim=8 
############################################### 
Iter 1...	Training loss: 228935.623929  in 11.30s 
MAE: 0.855086 MSE: 1.242940 RMSE: 1.114872 
Eval costs: 0.733953 s
Iter 2...	Training loss: 46180.042431  in 11.21s 
MAE: nan MSE: nan RMSE: nan 
Eval costs: 0.001004 s
Iter 3...	Training loss: 39293.542473  in 11.93s 
MAE: nan MSE: nan RMSE: nan 
Eval costs: 0.000000 s
Iter 4...	Training loss: 37954.555493  in 11.16s 
MAE: nan MSE: nan RMSE: nan 
Eval costs: 0.000000 s
Iter 5...	Training loss: 37367.237115  in 10.83s 
MAE: nan MSE: nan RMSE: nan 
Eval costs: 0.001003 s
Iter 6...	Training loss: 36800.169928  in 10.73s 
MAE: nan MSE: nan RMSE: nan 
Eval costs: 0.000000 s
Iter 7...	Training loss: 36347.218656  in 10.88s 
MAE: nan MSE: nan RMSE: nan 
Eval costs: 0.000000 s
Iter 8...	Training loss: 35634.227701  in 12.25s 
MAE: nan MSE: nan RMSE: nan 
Eval costs: 0.001003 s
Iter 9...	Training loss: 34865.173865  in 12.15s 
MAE: nan MSE: nan RMSE: nan 
Eval costs: 0.000000 s
Iter 10...	Training loss: 34000.692663  in 13.12s 
MAE: nan MSE: nan RMSE: nan 
Eval costs: 0.000000 s
Iter 11...	Training loss: 33131.543758  in 12.41s 
MAE: nan MSE: nan RMSE: nan 
Eval costs: 0.000000 s
Iter 12...	Training loss: 32379.418174  in 11.57s 
MAE: nan MSE: nan RMSE: nan 
Eval costs: 0.001003 s
Iter 13...	Training loss: 31676.343436  in 11.69s 
MAE: nan MSE: nan RMSE: nan 
Eval costs: 0.001003 s
Iter 14...	Training loss: 30995.127931  in 11.12s 
MAE: nan MSE: nan RMSE: nan 
Eval costs: 0.001012 s
Iter 15...	Training loss: 30366.569293  in 11.34s 
MAE: nan MSE: nan RMSE: nan 
Eval costs: 0.000000 s
Iter 16...	Training loss: 29774.488812  in 11.16s 
MAE: nan MSE: nan RMSE: nan 
Eval costs: 0.000000 s
Iter 17...	Training loss: 29277.225513  in 10.80s 
MAE: nan MSE: nan RMSE: nan 
Eval costs: 0.000000 s
Iter 18...	Training loss: 28752.175672  in 11.06s 
MAE: nan MSE: nan RMSE: nan 
Eval costs: 0.000000 s
Iter 19...	Training loss: 28294.528968  in 11.32s 
MAE: nan MSE: nan RMSE: nan 
Eval costs: 0.000000 s
Iter 20...	Training loss: 27918.471119  in 11.39s 
MAE: nan MSE: nan RMSE: nan 
Eval costs: 0.000000 s
############################################### 
batch_size=4 
embed_dim=16 
############################################### 
Iter 1...	Training loss: 192674.773218  in 13.73s 
MAE: 0.802915 MSE: 1.083249 RMSE: 1.040792 
Eval costs: 0.857279 s
Iter 2...	Training loss: 42319.663414  in 12.23s 
MAE: nan MSE: nan RMSE: nan 
Eval costs: 0.002007 s
Iter 3...	Training loss: 38941.173214  in 11.77s 
MAE: nan MSE: nan RMSE: nan 
Eval costs: 0.000000 s
############################################### 
batch_size=4 
embed_dim=16 
############################################### 
Iter 1...	Training loss: 192674.773218  in 13.52s 
MAE: 0.802915 MSE: 1.083249 RMSE: 1.040792 
Eval costs: 0.761024 s
Iter 2...	Training loss: 42319.663414  in 12.08s 
MAE: 0.767918 MSE: 0.976213 RMSE: 0.988035 
Eval costs: 0.794112 s
############################################### 
batch_size=4 
embed_dim=16 
############################################### 
Iter 1...	Training loss: 192674.773218  in 15.29s 
MAE: 0.802915 MSE: 1.083249 RMSE: 1.040792 
Eval costs: 0.759020 s
Iter 2...	Training loss: 42319.663414  in 15.18s 
MAE: 0.767918 MSE: 0.976213 RMSE: 0.988035 
Eval costs: 0.722924 s
Iter 3...	Training loss: 38941.173214  in 16.25s 
MAE: 0.764313 MSE: 0.965149 RMSE: 0.982420 
Eval costs: 0.802132 s
############################################### 
batch_size=4 
embed_dim=8 
############################################### 
Iter 1...	Training loss: 228935.623929  in 13.36s 
MAE: 0.855086 MSE: 1.242940 RMSE: 1.114872 
Eval costs: 0.764032 s
Iter 2...	Training loss: 46180.042431  in 13.28s 
MAE: 0.766773 MSE: 0.979782 RMSE: 0.989840 
Eval costs: 0.829205 s
Iter 3...	Training loss: 39293.542473  in 13.64s 
MAE: 0.760221 MSE: 0.957916 RMSE: 0.978732 
Eval costs: 0.983615 s
Iter 4...	Training loss: 37954.555493  in 14.41s 
MAE: 0.751176 MSE: 0.939306 RMSE: 0.969178 
Eval costs: 0.758016 s
Iter 5...	Training loss: 37367.237115  in 15.91s 
MAE: 0.753590 MSE: 0.932919 RMSE: 0.965877 
Eval costs: 0.808151 s
Iter 6...	Training loss: 36800.169928  in 13.80s 
MAE: 0.754535 MSE: 0.937654 RMSE: 0.968325 
Eval costs: 0.781121 s
Iter 7...	Training loss: 36347.218656  in 14.43s 
MAE: 0.750851 MSE: 0.926524 RMSE: 0.962561 
Eval costs: 0.749995 s
Iter 8...	Training loss: 35634.227701  in 14.03s 
MAE: 0.745512 MSE: 0.918160 RMSE: 0.958207 
Eval costs: 0.828203 s
Iter 9...	Training loss: 34865.173865  in 14.12s 
MAE: 0.743328 MSE: 0.913311 RMSE: 0.955673 
Eval costs: 0.725930 s
Iter 10...	Training loss: 34000.692663  in 14.62s 
MAE: 0.738827 MSE: 0.897683 RMSE: 0.947461 
Eval costs: 1.044778 s
Iter 11...	Training loss: 33131.543758  in 14.88s 
MAE: 0.730677 MSE: 0.889537 RMSE: 0.943153 
Eval costs: 0.956544 s
Iter 12...	Training loss: 32379.418174  in 14.04s 
MAE: 0.730363 MSE: 0.889013 RMSE: 0.942875 
Eval costs: 0.746986 s
Iter 13...	Training loss: 31676.343436  in 15.38s 
MAE: 0.727911 MSE: 0.879438 RMSE: 0.937784 
Eval costs: 1.163095 s
Iter 14...	Training loss: 30995.127931  in 13.72s 
MAE: 0.727364 MSE: 0.880831 RMSE: 0.938526 
Eval costs: 0.715903 s
############################################### 
batch_size=4 
embed_dim=8 
############################################### 
Iter 1...	Training loss: 228935.623929  in 14.40s 
Test:0.990634s MAE: 0.855086 MSE: 1.242940 RMSE: 1.114872 
Iter 2...	Training loss: 46180.042431  in 13.17s 
Test:0.733952s MAE: 0.766773 MSE: 0.979782 RMSE: 0.989840 
Iter 3...	Training loss: 39293.542473  in 13.33s 
Test:0.740972s MAE: 0.760221 MSE: 0.957916 RMSE: 0.978732 
Iter 4...	Training loss: 37954.555493  in 14.28s 
Test:1.240298s MAE: 0.751176 MSE: 0.939306 RMSE: 0.969178 
Iter 5...	Training loss: 37367.237115  in 14.05s 
Test:1.096916s MAE: 0.753590 MSE: 0.932919 RMSE: 0.965877 
############################################### 
batch_size=4 
embed_dim=8 
############################################### 
Iter 1...	Training: 14.03s loss: 228935.623929 Test:0.745983s MAE: 0.855086 MSE: 1.242940 RMSE: 1.114872 
Iter 2...	Training: 13.31s loss: 46180.042431 Test:0.772052s MAE: 0.766773 MSE: 0.979782 RMSE: 0.989840 
Iter 3...	Training: 14.34s loss: 39293.542473 Test:0.840235s MAE: 0.760221 MSE: 0.957916 RMSE: 0.978732 
Iter 4...	Training: 13.58s loss: 37954.555493 Test:1.193171s MAE: 0.751176 MSE: 0.939306 RMSE: 0.969178 
Iter 5...	Training: 13.39s loss: 37367.237115 Test:0.769217s MAE: 0.753590 MSE: 0.932919 RMSE: 0.965877 
Iter 6...	Training: 13.06s loss: 36800.169928 Test:0.762028s MAE: 0.754535 MSE: 0.937654 RMSE: 0.968325 
Iter 7...	Training: 12.58s loss: 36347.218656 Test:0.721921s MAE: 0.750851 MSE: 0.926524 RMSE: 0.962561 
Iter 8...	Training: 12.48s loss: 35634.227701 Test:0.826244s MAE: 0.745512 MSE: 0.918160 RMSE: 0.958207 
Iter 9...	Training: 13.69s loss: 34865.173865 Test:0.784086s MAE: 0.743328 MSE: 0.913311 RMSE: 0.955673 
Iter 10...	Training: 13.21s loss: 34000.692663 Test:0.761024s MAE: 0.738827 MSE: 0.897683 RMSE: 0.947461 
Iter 11...	Training: 13.24s loss: 33131.543758 Test:0.779073s MAE: 0.730677 MSE: 0.889537 RMSE: 0.943153 
Iter 12...	Training: 14.12s loss: 32379.418174 Test:0.959550s MAE: 0.730363 MSE: 0.889013 RMSE: 0.942875 
Iter 13...	Training: 14.58s loss: 31676.343436 Test:0.730945s MAE: 0.727911 MSE: 0.879438 RMSE: 0.937784 
Iter 14...	Training: 14.22s loss: 30995.127931 Test:0.737963s MAE: 0.727364 MSE: 0.880831 RMSE: 0.938526 
Iter 15...	Training: 13.14s loss: 30366.569293 Test:0.761067s MAE: 0.721132 MSE: 0.876541 RMSE: 0.936238 
Iter 16...	Training: 14.19s loss: 29774.488812 Test:0.849258s MAE: 0.726213 MSE: 0.885739 RMSE: 0.941137 
Iter 17...	Training: 15.40s loss: 29277.225513 Test:1.062826s MAE: 0.726211 MSE: 0.883041 RMSE: 0.939703 
Iter 18...	Training: 14.04s loss: 28752.175672 Test:0.766042s MAE: 0.727602 MSE: 0.889448 RMSE: 0.943106 
Iter 19...	Training: 12.67s loss: 28294.528968 Test:0.776065s MAE: 0.727601 MSE: 0.888160 RMSE: 0.942422 
Iter 20...	Training: 13.34s loss: 27918.471119 Test:0.729941s MAE: 0.727754 MSE: 0.890108 RMSE: 0.943455 
Iter 21...	Training: 12.61s loss: 27513.403138 Test:0.744031s MAE: 0.729527 MSE: 0.894934 RMSE: 0.946009 
Iter 22...	Training: 12.44s loss: 27281.477138 Test:0.768042s MAE: 0.727989 MSE: 0.895713 RMSE: 0.946421 
Iter 23...	Training: 12.48s loss: 27029.347037 Test:0.712897s MAE: 0.730523 MSE: 0.902027 RMSE: 0.949751 
Iter 24...	Training: 12.41s loss: 26754.864002 Test:0.756012s MAE: 0.732385 MSE: 0.906552 RMSE: 0.952130 
Iter 25...	Training: 12.36s loss: 26591.584915 Test:0.742021s MAE: 0.728109 MSE: 0.899946 RMSE: 0.948655 
Iter 26...	Training: 12.61s loss: 26401.644048 Test:0.715904s MAE: 0.732462 MSE: 0.905623 RMSE: 0.951642 
Iter 27...	Training: 12.57s loss: 26261.609506 Test:0.834224s MAE: 0.731976 MSE: 0.906779 RMSE: 0.952249 
Iter 28...	Training: 12.45s loss: 26091.113064 Test:0.818222s MAE: 0.732452 MSE: 0.911931 RMSE: 0.954951 
Iter 29...	Training: 12.42s loss: 25920.764299 Test:0.735958s MAE: 0.733184 MSE: 0.913807 RMSE: 0.955932 
Iter 30...	Training: 12.40s loss: 25880.962344 Test:0.744981s MAE: 0.735248 MSE: 0.916226 RMSE: 0.957197 
embed_dim=16 
############################################### 
Iter 1...	Training: 15.18s loss: 191440.996698 Test:0.724927s MAE: 0.804432 MSE: 1.082348 RMSE: 1.040360 
Iter 2...	Training: 14.49s loss: 42243.798362 Test:0.995648s MAE: 0.764577 MSE: 0.968690 RMSE: 0.984221 
Iter 3...	Training: 15.04s loss: 38578.973047 Test:0.855274s MAE: 0.757520 MSE: 0.947158 RMSE: 0.973220 
Iter 4...	Training: 14.41s loss: 37161.651175 Test:0.793156s MAE: 0.749774 MSE: 0.929537 RMSE: 0.964125 
Iter 5...	Training: 15.07s loss: 35609.058537 Test:0.744981s MAE: 0.744764 MSE: 0.919885 RMSE: 0.959106 
Iter 6...	Training: 20.24s loss: 34196.733309 Test:1.021719s MAE: 0.739580 MSE: 0.905304 RMSE: 0.951475 
############################################### 
batch_size=4 
############################################### 
batch_size=4 
############################################### 
batch_size=4 
############################################### 
batch_size=4 
############################################### 
batch_size=4 
############################################### 
batch_size=4 
embed_dim=8 
############################################### 
Iter 1...	Training: 14.03s loss: 228935.623929 Test:0.739971s MAE: 0.855086 MSE: 1.242940 RMSE: 1.114872 
=======
############################################### 
batch_size=64 
############################################### 
batch_size=64 
embed_dim=8 
############################################### 
############################################### 
batch_size=64 
embed_dim=8 
############################################### 
############################################### 
batch_size=64 
embed_dim=8 
############################################### 
############################################### 
batch_size=64 
embed_dim=8 
############################################### 
############################################### 
batch_size=64 
embed_dim=8 
############################################### 
############################################### 
batch_size=64 
embed_dim=8 
############################################### 
############################################### 
batch_size=64 
embed_dim=8 
############################################### 
############################################### 
batch_size=64 
embed_dim=8 
############################################### 
############################################### 
batch_size=64 
embed_dim=8 
############################################### 
Iter 1...	############################################### 
batch_size=64 
embed_dim=8 
############################################### 
Iter 1...	############################################### 
batch_size=64 
embed_dim=8 
############################################### 
Iter 1...	############################################### 
batch_size=64 
embed_dim=8 
############################################### 
Iter 1...	############################################### 
batch_size=64 
embed_dim=8 
############################################### 
Iter 1...	############################################### 
batch_size=64 
embed_dim=8 
############################################### 
Iter 1...	############################################### 
batch_size=64 
embed_dim=8 
############################################### 
Iter 1...	############################################### 
batch_size=64 
embed_dim=8 
############################################### 
Iter 1...	############################################### 
batch_size=64 
embed_dim=8 
############################################### 
Iter 1...	############################################### 
batch_size=64 
embed_dim=8 
############################################### 
Iter 1...	############################################### 
batch_size=64 
embed_dim=8 
############################################### 
Iter 1...	############################################### 
batch_size=64 
embed_dim=8 
############################################### 
Iter 1...	############################################### 
batch_size=64 
embed_dim=8 
############################################### 
Iter 1...	############################################### 
batch_size=64 
embed_dim=8 
############################################### 
Iter 1...	############################################### 
batch_size=64 
embed_dim=8 
############################################### 
Iter 1...	############################################### 
batch_size=64 
embed_dim=8 
############################################### 
Iter 1...	############################################### 
batch_size=64 
embed_dim=8 
############################################### 
Iter 1...	############################################### 
batch_size=64 
embed_dim=8 
############################################### 
Iter 1...	############################################### 
batch_size=64 
embed_dim=8 
############################################### 
Iter 1...	############################################### 
batch_size=64 
embed_dim=8 
############################################### 
Iter 1...	############################################### 
batch_size=64 
embed_dim=8 
############################################### 
Iter 1...	############################################### 
batch_size=64 
embed_dim=8 
############################################### 
Iter 1...	############################################### 
batch_size=64 
embed_dim=8 
############################################### 
Iter 1...	############################################### 
batch_size=64 
embed_dim=8 
############################################### 
Iter 1...	############################################### 
batch_size=64 
embed_dim=8 
############################################### 
Iter 1...	############################################### 
batch_size=64 
embed_dim=8 
############################################### 
Iter 1...	############################################### 
batch_size=64 
embed_dim=8 
############################################### 
Iter 1...	Training loss: 26998663.137409  in 1.00s 
############################################### 
batch_size=64 
embed_dim=8 
############################################### 
Iter 1...	############################################### 
batch_size=64 
embed_dim=8 
############################################### 
Iter 1...	############################################### 
batch_size=64 
embed_dim=8 
############################################### 
Iter 1...	############################################### 
batch_size=64 
embed_dim=8 
############################################### 
Iter 1...	Training loss: 26998663.137409  in 0.99s 
############################################### 
batch_size=64 
embed_dim=8 
############################################### 
Iter 1...	Training loss: 26998663.137409  in 0.91s 
############################################### 
batch_size=64 
embed_dim=8 
############################################### 
Iter 1...	Training loss: 26998663.137409  in 0.95s 
############################################### 
batch_size=64 
embed_dim=8 
############################################### 
Iter 1...	Training loss: 26998663.137409  in 0.91s 
############################################### 
batch_size=64 
embed_dim=8 
############################################### 
Iter 1...	Training loss: 26998663.137409  in 0.97s 
############################################### 
batch_size=64 
embed_dim=8 
############################################### 
Iter 1...	############################################### 
batch_size=64 
embed_dim=8 
############################################### 
Iter 1...	############################################### 
batch_size=64 
embed_dim=8 
############################################### 
Iter 1...	############################################### 
batch_size=64 
embed_dim=8 
############################################### 
Iter 1...	Training loss: 428452.649338  in 0.97s 
############################################### 
batch_size=64 
embed_dim=8 
############################################### 
Iter 1...	Training loss: 428452.649338  in 0.94s 
############################################### 
batch_size=64 
embed_dim=8 
############################################### 
Iter 1...	Training loss: 269333188.697876  in 2.07s 
############################################### 
batch_size=4 
embed_dim=8 
############################################### 
Iter 1...	Training loss: 13401480.783485  in 13.97s 
############################################### 
batch_size=4 
############################################### 
batch_size=4 
############################################### 
batch_size=4 
############################################### 
batch_size=4 
############################################### 
batch_size=4 
############################################### 
batch_size=4 
############################################### 
batch_size=4 
embed_dim=8 
############################################### 
Iter 1...	Training loss: 228935.623929  in 13.14s 
############################################### 
batch_size=4 
embed_dim=8 
############################################### 
Iter 1...	Training loss: 228935.623929  in 13.17s 
############################################### 
batch_size=4 
embed_dim=8 
############################################### 
Iter 1...	Training loss: 228935.623929  in 14.05s 
############################################### 
batch_size=4 
embed_dim=8 
############################################### 
Iter 1...	Training loss: 228935.623929  in 24.22s 
############################################### 
batch_size=4 
############################################### 
batch_size=4 
############################################### 
batch_size=4 
############################################### 
batch_size=4 
embed_dim=8 
############################################### 
Iter 1...	Training loss: 228935.623929  in 15.69s 
############################################### 
batch_size=4 
embed_dim=8 
############################################### 
Iter 1...	Training loss: 228935.623929  in 14.49s 
############################################### 
batch_size=4 
embed_dim=8 
############################################### 
Iter 1...	Training loss: 228935.623929  in 14.29s 
############################################### 
batch_size=4 
embed_dim=8 
############################################### 
Iter 1...	Training loss: 228935.623929  in 15.01s 
############################################### 
batch_size=4 
############################################### 
batch_size=4 
embed_dim=8 
############################################### 
Iter 1...	Training loss: 228935.623929  in 14.47s 
############################################### 
batch_size=4 
############################################### 
batch_size=4 
embed_dim=8 
############################################### 
Iter 1...	Training loss: 228935.623929  in 13.99s 
MAE: 1.474314 MSE: 3.445758 RMSE: 1.856275 
Eval costs: 0.847252 s
Iter 2...	Training loss: 46180.042431  in 14.57s 
############################################### 
batch_size=4 
embed_dim=8 
############################################### 
Iter 1...	Training loss: 228935.623929  in 13.38s 
MAE: 0.855086 MSE: 1.242940 RMSE: 1.114872 
Eval costs: 0.901397 s
Iter 2...	Training loss: 46180.042431  in 14.93s 
MAE: nan MSE: nan RMSE: nan 
Eval costs: 0.008026 s
Iter 3...	Training loss: 39293.542473  in 18.10s 
MAE: nan MSE: nan RMSE: nan 
Eval costs: 0.000000 s
Iter 4...	Training loss: 37954.555493  in 13.20s 
MAE: nan MSE: nan RMSE: nan 
Eval costs: 0.000000 s
Iter 5...	Training loss: 37367.237115  in 11.94s 
MAE: nan MSE: nan RMSE: nan 
Eval costs: 0.000000 s
Iter 6...	Training loss: 36800.169928  in 11.35s 
MAE: nan MSE: nan RMSE: nan 
Eval costs: 0.000000 s
Iter 7...	Training loss: 36347.218656  in 11.46s 
MAE: nan MSE: nan RMSE: nan 
Eval costs: 0.001002 s
Iter 8...	Training loss: 35634.227701  in 11.25s 
MAE: nan MSE: nan RMSE: nan 
Eval costs: 0.000000 s
Iter 9...	Training loss: 34865.173865  in 11.19s 
MAE: nan MSE: nan RMSE: nan 
Eval costs: 0.000000 s
Iter 10...	Training loss: 34000.692663  in 11.18s 
MAE: nan MSE: nan RMSE: nan 
Eval costs: 0.001002 s
Iter 11...	Training loss: 33131.543758  in 11.23s 
MAE: nan MSE: nan RMSE: nan 
Eval costs: 0.000000 s
############################################### 
batch_size=4 
embed_dim=8 
############################################### 
Iter 1...	Training loss: 228935.623929  in 11.47s 
MAE: 0.855086 MSE: 1.242940 RMSE: 1.114872 
Eval costs: 0.716907 s
Iter 2...	Training loss: 46180.042431  in 11.21s 
MAE: nan MSE: nan RMSE: nan 
Eval costs: 0.002005 s
Iter 3...	Training loss: 39293.542473  in 11.23s 
MAE: nan MSE: nan RMSE: nan 
Eval costs: 0.001002 s
Iter 4...	Training loss: 37954.555493  in 11.14s 
MAE: nan MSE: nan RMSE: nan 
Eval costs: 0.000000 s
Iter 5...	Training loss: 37367.237115  in 11.20s 
MAE: nan MSE: nan RMSE: nan 
Eval costs: 0.000000 s
Iter 6...	Training loss: 36800.169928  in 11.28s 
MAE: nan MSE: nan RMSE: nan 
Eval costs: 0.000000 s
############################################### 
batch_size=4 
embed_dim=8 
############################################### 
Iter 1...	Training loss: 228935.623929  in 11.30s 
MAE: 0.855086 MSE: 1.242940 RMSE: 1.114872 
Eval costs: 0.733953 s
Iter 2...	Training loss: 46180.042431  in 11.21s 
MAE: nan MSE: nan RMSE: nan 
Eval costs: 0.001004 s
Iter 3...	Training loss: 39293.542473  in 11.93s 
MAE: nan MSE: nan RMSE: nan 
Eval costs: 0.000000 s
Iter 4...	Training loss: 37954.555493  in 11.16s 
MAE: nan MSE: nan RMSE: nan 
Eval costs: 0.000000 s
Iter 5...	Training loss: 37367.237115  in 10.83s 
MAE: nan MSE: nan RMSE: nan 
Eval costs: 0.001003 s
Iter 6...	Training loss: 36800.169928  in 10.73s 
MAE: nan MSE: nan RMSE: nan 
Eval costs: 0.000000 s
Iter 7...	Training loss: 36347.218656  in 10.88s 
MAE: nan MSE: nan RMSE: nan 
Eval costs: 0.000000 s
Iter 8...	Training loss: 35634.227701  in 12.25s 
MAE: nan MSE: nan RMSE: nan 
Eval costs: 0.001003 s
Iter 9...	Training loss: 34865.173865  in 12.15s 
MAE: nan MSE: nan RMSE: nan 
Eval costs: 0.000000 s
Iter 10...	Training loss: 34000.692663  in 13.12s 
MAE: nan MSE: nan RMSE: nan 
Eval costs: 0.000000 s
Iter 11...	Training loss: 33131.543758  in 12.41s 
MAE: nan MSE: nan RMSE: nan 
Eval costs: 0.000000 s
Iter 12...	Training loss: 32379.418174  in 11.57s 
MAE: nan MSE: nan RMSE: nan 
Eval costs: 0.001003 s
Iter 13...	Training loss: 31676.343436  in 11.69s 
MAE: nan MSE: nan RMSE: nan 
Eval costs: 0.001003 s
Iter 14...	Training loss: 30995.127931  in 11.12s 
MAE: nan MSE: nan RMSE: nan 
Eval costs: 0.001012 s
Iter 15...	Training loss: 30366.569293  in 11.34s 
MAE: nan MSE: nan RMSE: nan 
Eval costs: 0.000000 s
Iter 16...	Training loss: 29774.488812  in 11.16s 
MAE: nan MSE: nan RMSE: nan 
Eval costs: 0.000000 s
Iter 17...	Training loss: 29277.225513  in 10.80s 
MAE: nan MSE: nan RMSE: nan 
Eval costs: 0.000000 s
Iter 18...	Training loss: 28752.175672  in 11.06s 
MAE: nan MSE: nan RMSE: nan 
Eval costs: 0.000000 s
Iter 19...	Training loss: 28294.528968  in 11.32s 
MAE: nan MSE: nan RMSE: nan 
Eval costs: 0.000000 s
Iter 20...	Training loss: 27918.471119  in 11.39s 
MAE: nan MSE: nan RMSE: nan 
Eval costs: 0.000000 s
############################################### 
batch_size=4 
embed_dim=16 
############################################### 
Iter 1...	Training loss: 192674.773218  in 13.73s 
MAE: 0.802915 MSE: 1.083249 RMSE: 1.040792 
Eval costs: 0.857279 s
Iter 2...	Training loss: 42319.663414  in 12.23s 
MAE: nan MSE: nan RMSE: nan 
Eval costs: 0.002007 s
Iter 3...	Training loss: 38941.173214  in 11.77s 
MAE: nan MSE: nan RMSE: nan 
Eval costs: 0.000000 s
############################################### 
batch_size=4 
embed_dim=16 
############################################### 
Iter 1...	Training loss: 192674.773218  in 13.52s 
MAE: 0.802915 MSE: 1.083249 RMSE: 1.040792 
Eval costs: 0.761024 s
Iter 2...	Training loss: 42319.663414  in 12.08s 
MAE: 0.767918 MSE: 0.976213 RMSE: 0.988035 
Eval costs: 0.794112 s
############################################### 
batch_size=4 
embed_dim=16 
############################################### 
Iter 1...	Training loss: 192674.773218  in 15.29s 
MAE: 0.802915 MSE: 1.083249 RMSE: 1.040792 
Eval costs: 0.759020 s
Iter 2...	Training loss: 42319.663414  in 15.18s 
MAE: 0.767918 MSE: 0.976213 RMSE: 0.988035 
Eval costs: 0.722924 s
Iter 3...	Training loss: 38941.173214  in 16.25s 
MAE: 0.764313 MSE: 0.965149 RMSE: 0.982420 
Eval costs: 0.802132 s
############################################### 
batch_size=4 
embed_dim=8 
############################################### 
Iter 1...	Training loss: 228935.623929  in 13.36s 
MAE: 0.855086 MSE: 1.242940 RMSE: 1.114872 
Eval costs: 0.764032 s
Iter 2...	Training loss: 46180.042431  in 13.28s 
MAE: 0.766773 MSE: 0.979782 RMSE: 0.989840 
Eval costs: 0.829205 s
Iter 3...	Training loss: 39293.542473  in 13.64s 
MAE: 0.760221 MSE: 0.957916 RMSE: 0.978732 
Eval costs: 0.983615 s
Iter 4...	Training loss: 37954.555493  in 14.41s 
MAE: 0.751176 MSE: 0.939306 RMSE: 0.969178 
Eval costs: 0.758016 s
Iter 5...	Training loss: 37367.237115  in 15.91s 
MAE: 0.753590 MSE: 0.932919 RMSE: 0.965877 
Eval costs: 0.808151 s
Iter 6...	Training loss: 36800.169928  in 13.80s 
MAE: 0.754535 MSE: 0.937654 RMSE: 0.968325 
Eval costs: 0.781121 s
Iter 7...	Training loss: 36347.218656  in 14.43s 
MAE: 0.750851 MSE: 0.926524 RMSE: 0.962561 
Eval costs: 0.749995 s
Iter 8...	Training loss: 35634.227701  in 14.03s 
MAE: 0.745512 MSE: 0.918160 RMSE: 0.958207 
Eval costs: 0.828203 s
Iter 9...	Training loss: 34865.173865  in 14.12s 
MAE: 0.743328 MSE: 0.913311 RMSE: 0.955673 
Eval costs: 0.725930 s
Iter 10...	Training loss: 34000.692663  in 14.62s 
MAE: 0.738827 MSE: 0.897683 RMSE: 0.947461 
Eval costs: 1.044778 s
Iter 11...	Training loss: 33131.543758  in 14.88s 
MAE: 0.730677 MSE: 0.889537 RMSE: 0.943153 
Eval costs: 0.956544 s
Iter 12...	Training loss: 32379.418174  in 14.04s 
MAE: 0.730363 MSE: 0.889013 RMSE: 0.942875 
Eval costs: 0.746986 s
Iter 13...	Training loss: 31676.343436  in 15.38s 
MAE: 0.727911 MSE: 0.879438 RMSE: 0.937784 
Eval costs: 1.163095 s
Iter 14...	Training loss: 30995.127931  in 13.72s 
MAE: 0.727364 MSE: 0.880831 RMSE: 0.938526 
Eval costs: 0.715903 s
############################################### 
batch_size=4 
embed_dim=8 
############################################### 
Iter 1...	Training loss: 228935.623929  in 14.40s 
Test:0.990634s MAE: 0.855086 MSE: 1.242940 RMSE: 1.114872 
Iter 2...	Training loss: 46180.042431  in 13.17s 
Test:0.733952s MAE: 0.766773 MSE: 0.979782 RMSE: 0.989840 
Iter 3...	Training loss: 39293.542473  in 13.33s 
Test:0.740972s MAE: 0.760221 MSE: 0.957916 RMSE: 0.978732 
Iter 4...	Training loss: 37954.555493  in 14.28s 
Test:1.240298s MAE: 0.751176 MSE: 0.939306 RMSE: 0.969178 
Iter 5...	Training loss: 37367.237115  in 14.05s 
Test:1.096916s MAE: 0.753590 MSE: 0.932919 RMSE: 0.965877 
############################################### 
batch_size=4 
embed_dim=8 
############################################### 
Iter 1...	Training: 14.03s loss: 228935.623929 Test:0.745983s MAE: 0.855086 MSE: 1.242940 RMSE: 1.114872 
Iter 2...	Training: 13.31s loss: 46180.042431 Test:0.772052s MAE: 0.766773 MSE: 0.979782 RMSE: 0.989840 
Iter 3...	Training: 14.34s loss: 39293.542473 Test:0.840235s MAE: 0.760221 MSE: 0.957916 RMSE: 0.978732 
Iter 4...	Training: 13.58s loss: 37954.555493 Test:1.193171s MAE: 0.751176 MSE: 0.939306 RMSE: 0.969178 
Iter 5...	Training: 13.39s loss: 37367.237115 Test:0.769217s MAE: 0.753590 MSE: 0.932919 RMSE: 0.965877 
Iter 6...	Training: 13.06s loss: 36800.169928 Test:0.762028s MAE: 0.754535 MSE: 0.937654 RMSE: 0.968325 
Iter 7...	Training: 12.58s loss: 36347.218656 Test:0.721921s MAE: 0.750851 MSE: 0.926524 RMSE: 0.962561 
Iter 8...	Training: 12.48s loss: 35634.227701 Test:0.826244s MAE: 0.745512 MSE: 0.918160 RMSE: 0.958207 
Iter 9...	Training: 13.69s loss: 34865.173865 Test:0.784086s MAE: 0.743328 MSE: 0.913311 RMSE: 0.955673 
Iter 10...	Training: 13.21s loss: 34000.692663 Test:0.761024s MAE: 0.738827 MSE: 0.897683 RMSE: 0.947461 
Iter 11...	Training: 13.24s loss: 33131.543758 Test:0.779073s MAE: 0.730677 MSE: 0.889537 RMSE: 0.943153 
Iter 12...	Training: 14.12s loss: 32379.418174 Test:0.959550s MAE: 0.730363 MSE: 0.889013 RMSE: 0.942875 
Iter 13...	Training: 14.58s loss: 31676.343436 Test:0.730945s MAE: 0.727911 MSE: 0.879438 RMSE: 0.937784 
Iter 14...	Training: 14.22s loss: 30995.127931 Test:0.737963s MAE: 0.727364 MSE: 0.880831 RMSE: 0.938526 
Iter 15...	Training: 13.14s loss: 30366.569293 Test:0.761067s MAE: 0.721132 MSE: 0.876541 RMSE: 0.936238 
Iter 16...	Training: 14.19s loss: 29774.488812 Test:0.849258s MAE: 0.726213 MSE: 0.885739 RMSE: 0.941137 
Iter 17...	Training: 15.40s loss: 29277.225513 Test:1.062826s MAE: 0.726211 MSE: 0.883041 RMSE: 0.939703 
Iter 18...	Training: 14.04s loss: 28752.175672 Test:0.766042s MAE: 0.727602 MSE: 0.889448 RMSE: 0.943106 
Iter 19...	Training: 12.67s loss: 28294.528968 Test:0.776065s MAE: 0.727601 MSE: 0.888160 RMSE: 0.942422 
Iter 20...	Training: 13.34s loss: 27918.471119 Test:0.729941s MAE: 0.727754 MSE: 0.890108 RMSE: 0.943455 
Iter 21...	Training: 12.61s loss: 27513.403138 Test:0.744031s MAE: 0.729527 MSE: 0.894934 RMSE: 0.946009 
Iter 22...	Training: 12.44s loss: 27281.477138 Test:0.768042s MAE: 0.727989 MSE: 0.895713 RMSE: 0.946421 
Iter 23...	Training: 12.48s loss: 27029.347037 Test:0.712897s MAE: 0.730523 MSE: 0.902027 RMSE: 0.949751 
Iter 24...	Training: 12.41s loss: 26754.864002 Test:0.756012s MAE: 0.732385 MSE: 0.906552 RMSE: 0.952130 
Iter 25...	Training: 12.36s loss: 26591.584915 Test:0.742021s MAE: 0.728109 MSE: 0.899946 RMSE: 0.948655 
Iter 26...	Training: 12.61s loss: 26401.644048 Test:0.715904s MAE: 0.732462 MSE: 0.905623 RMSE: 0.951642 
Iter 27...	Training: 12.57s loss: 26261.609506 Test:0.834224s MAE: 0.731976 MSE: 0.906779 RMSE: 0.952249 
Iter 28...	Training: 12.45s loss: 26091.113064 Test:0.818222s MAE: 0.732452 MSE: 0.911931 RMSE: 0.954951 
Iter 29...	Training: 12.42s loss: 25920.764299 Test:0.735958s MAE: 0.733184 MSE: 0.913807 RMSE: 0.955932 
Iter 30...	Training: 12.40s loss: 25880.962344 Test:0.744981s MAE: 0.735248 MSE: 0.916226 RMSE: 0.957197 
embed_dim=16 
############################################### 
Iter 1...	Training: 15.18s loss: 191440.996698 Test:0.724927s MAE: 0.804432 MSE: 1.082348 RMSE: 1.040360 
Iter 2...	Training: 14.49s loss: 42243.798362 Test:0.995648s MAE: 0.764577 MSE: 0.968690 RMSE: 0.984221 
Iter 3...	Training: 15.04s loss: 38578.973047 Test:0.855274s MAE: 0.757520 MSE: 0.947158 RMSE: 0.973220 
Iter 4...	Training: 14.41s loss: 37161.651175 Test:0.793156s MAE: 0.749774 MSE: 0.929537 RMSE: 0.964125 
Iter 5...	Training: 15.07s loss: 35609.058537 Test:0.744981s MAE: 0.744764 MSE: 0.919885 RMSE: 0.959106 
Iter 6...	Training: 20.24s loss: 34196.733309 Test:1.021719s MAE: 0.739580 MSE: 0.905304 RMSE: 0.951475 
############################################### 
batch_size=4 
############################################### 
batch_size=4 
############################################### 
batch_size=4 
############################################### 
batch_size=4 
############################################### 
batch_size=4 
############################################### 
batch_size=4 
embed_dim=8 
############################################### 
Iter 1...	Training: 14.03s loss: 228935.623929 Test:0.739971s MAE: 0.855086 MSE: 1.242940 RMSE: 1.114872 
>>>>>>> 0fce27345cedc18c1b94ea16f39966eda8d097a9
